<?xml version="1.0" encoding="UTF-8"?>
<testng-results ignored="0" total="1" passed="1" failed="0" skipped="0">
  <reporter-output>
  </reporter-output>
  <suite started-at="2022-05-12T09:50:10 IST" name="Default suite" finished-at="2022-05-12T09:50:10 IST" duration-ms="98">
    <groups>
    </groups>
    <test started-at="2022-05-12T09:50:10 IST" name="Default test" finished-at="2022-05-12T09:50:10 IST" duration-ms="98">
      <class name="hey.Chr">
        <test-method signature="Te(java.lang.String,java.lang.String)[pri:0, instance:hey.Chr@16ec5519]" started-at="2022-05-12T09:50:10 IST" name="Te" data-provider="inp" finished-at="2022-05-12T09:50:10 IST" duration-ms="11" status="PASS">
          <params>
            <param index="0">
              <value>
                <![CDATA[Hi]]>
              </value>
            </param>
            <param index="1">
              <value>
                <![CDATA[Bye]]>
              </value>
            </param>
          </params>
          <reporter-output>
          </reporter-output>
        </test-method> <!-- Te -->
      </class> <!-- hey.Chr -->
    </test> <!-- Default test -->
  </suite> <!-- Default suite -->
</testng-results>
